[0;32mДоступен склад.
Слоты размещения склада:[0m

[0;36mТип хранения: Тропические масла
Доступный объем: 2235 кг.[0m

[0;36mТип хранения: Специи
Доступный объем: 1538 кг.[0m

[0;36mТип хранения: Сырный порошок
Доступный объем: 1593 кг.[0m


[0;32mЗапуск обработки грузовиков.
Всего грузовиков: 9[0m

[0;36mГрузовики:[0m

[0;36mID: 9e5f3ab3-17f1-41e3-818e-c26088c1d5d0
Груз: Специи
Объем: 57 кг.[0m

[0;36mID: ad3425c4-bf1f-4a7b-ae33-b90abcc8a57f
Груз: Тропические масла
Объем: 104 кг.[0m

[0;36mID: d9ddbe03-5e43-4add-9bdb-c5acfdf02914
Груз: Тропические масла
Объем: 31 кг.[0m

[0;36mID: 6f512ca1-3132-4658-8564-ac725a8d1ead
Груз: Защищенные белки
Объем: 45 кг.[0m

[0;36mID: 18426c67-de86-46ee-9777-eefe28794474
Груз: Специи
Объем: 28 кг.[0m

[0;36mID: bc8a44de-c6a9-4f46-9f5f-774931ba07c0
Груз: Тропические масла
Объем: 50 кг.[0m

[0;36mID: 42913cca-92f6-46e4-a6f8-e5ab8adb4ea1
Груз: Специи
Объем: 30 кг.[0m

[0;36mID: 292ade93-0049-4376-b60f-5414ba366986
Груз: Специи
Объем: 94 кг.[0m

[0;36mID: 8c601474-9aca-4b39-819a-f6dfd1d369ec
Груз: Тропические масла
Объем: 27 кг.[0m

[0;33mПопытка разгрузки грузовика: 9e5f3ab3-17f1-41e3-818e-c26088c1d5d0
Груз Специи в объеме 57 кг.[0m
[0;31mОшибка при разгрузке грузовика ID: 9e5f3ab3-17f1-41e3-818e-c26088c1d5d0[0m
[0;31mПричина: Свободный объем должен быть кратным 57 кг.[0m

[0;33mПопытка разгрузки грузовика: ad3425c4-bf1f-4a7b-ae33-b90abcc8a57f
Груз Тропические масла в объеме 104 кг.[0m
[0;32mВыполнена разгрузка грузовика: ad3425c4-bf1f-4a7b-ae33-b90abcc8a57f
Доставлен груз Тропические масла в объеме 104 кг.[0m

[0;33mПопытка разгрузки грузовика: d9ddbe03-5e43-4add-9bdb-c5acfdf02914
Груз Тропические масла в объеме 31 кг.[0m
[0;32mВыполнена разгрузка грузовика: d9ddbe03-5e43-4add-9bdb-c5acfdf02914
Доставлен груз Тропические масла в объеме 31 кг.[0m

[0;33mПопытка разгрузки грузовика: 6f512ca1-3132-4658-8564-ac725a8d1ead
Груз Защищенные белки в объеме 45 кг.[0m
[0;31mОшибка при разгрузке грузовика ID: 6f512ca1-3132-4658-8564-ac725a8d1ead[0m
[0;31mПричина: Сырье Защищенные белки не может быть разгружено. Слот разгрузки отсутствует[0m

[0;33mПопытка разгрузки грузовика: 18426c67-de86-46ee-9777-eefe28794474
Груз Специи в объеме 28 кг.[0m
[0;31mОшибка при разгрузке грузовика ID: 18426c67-de86-46ee-9777-eefe28794474[0m
[0;31mПричина: Свободный объем должен быть кратным 28 кг.[0m

[0;33mПопытка разгрузки грузовика: bc8a44de-c6a9-4f46-9f5f-774931ba07c0
Груз Тропические масла в объеме 50 кг.[0m
[0;32mВыполнена разгрузка грузовика: bc8a44de-c6a9-4f46-9f5f-774931ba07c0
Доставлен груз Тропические масла в объеме 50 кг.[0m

[0;33mПопытка разгрузки грузовика: 42913cca-92f6-46e4-a6f8-e5ab8adb4ea1
Груз Специи в объеме 30 кг.[0m
[0;31mОшибка при разгрузке грузовика ID: 42913cca-92f6-46e4-a6f8-e5ab8adb4ea1[0m
[0;31mПричина: Свободный объем должен быть кратным 30 кг.[0m

[0;33mПопытка разгрузки грузовика: 292ade93-0049-4376-b60f-5414ba366986
Груз Специи в объеме 94 кг.[0m
[0;31mОшибка при разгрузке грузовика ID: 292ade93-0049-4376-b60f-5414ba366986[0m
[0;31mПричина: Свободный объем должен быть кратным 94 кг.[0m

[0;33mПопытка разгрузки грузовика: 8c601474-9aca-4b39-819a-f6dfd1d369ec
Груз Тропические масла в объеме 27 кг.[0m
[0;32mВыполнена разгрузка грузовика: 8c601474-9aca-4b39-819a-f6dfd1d369ec
Доставлен груз Тропические масла в объеме 27 кг.[0m


[0;32mЗагрузка складов выполнена.[0m

[0;36mТекущее состояния слотов размещения:

Груз: Тропические масла
Доступный объем: 2023

Груз: Специи
Доступный объем: 1538

Груз: Сырный порошок
Доступный объем: 1593

[0m